[2025-03-29 09:10:18 : INFO] - Pruning the Cache log file 
[2025-03-29 09:10:18 : INFO] - Full Cache Purge triggered by: WP_Optimize_Minify_Cache_Functions::purge_others 
[2025-03-29 09:13:08 : INFO] - Cache for URL: http://localhost/cocoonut/ has been purged, triggered by action: save_post 
[2025-03-29 09:13:08 : INFO] - Cache for URL: http://localhost/cocoonut/ has been purged, triggered by action: save_post 
[2025-03-29 09:13:09 : INFO] - Cache for URL: http://localhost/cocoonut/ has been purged, triggered by action: save_post 
[2025-03-29 09:16:41 : INFO] - Cache for URL: http://localhost/cocoonut/ has been purged, triggered by action: save_post 
[2025-03-29 09:16:42 : INFO] - Cache for URL: http://localhost/cocoonut/ has been purged, triggered by action: save_post 
[2025-03-29 09:16:43 : INFO] - Cache for URL: http://localhost/cocoonut/ has been purged, triggered by action: save_post 
[2025-03-29 09:19:12 : INFO] - Cache for URL: http://localhost/cocoonut/ has been purged, triggered by: WPO_Page_Cache::handle_purge_single_page_cache 
[2025-03-29 09:23:19 : INFO] - Cache for URL: http://localhost/cocoonut/ has been purged, triggered by action: save_post 
[2025-03-29 09:23:19 : INFO] - Cache for URL: http://localhost/cocoonut/ has been purged, triggered by action: save_post 
[2025-03-29 09:23:20 : INFO] - Cache for URL: http://localhost/cocoonut/ has been purged, triggered by action: save_post 
[2025-03-29 09:32:57 : INFO] - Cache for URL: http://localhost/cocoonut/?elementor_library=kit-par-defaut has been purged, triggered by action: save_post 
[2025-03-29 09:32:57 : INFO] - Cache for URL: http://localhost/cocoonut/?elementor_library=kit-par-defaut has been purged, triggered by action: save_post 
[2025-03-29 09:32:57 : INFO] - Cache for URL: http://localhost/cocoonut/?elementor_library=kit-par-defaut has been purged, triggered by action: save_post 
[2025-03-29 09:33:26 : INFO] - Cache for URL: http://localhost/cocoonut/?elementor_library=kit-par-defaut has been purged, triggered by action: save_post 
[2025-03-29 09:33:26 : INFO] - Cache for URL: http://localhost/cocoonut/?elementor_library=kit-par-defaut has been purged, triggered by action: save_post 
[2025-03-29 09:33:26 : INFO] - Cache for URL: http://localhost/cocoonut/?elementor_library=kit-par-defaut has been purged, triggered by action: save_post 
[2025-03-29 09:38:55 : INFO] - Cache for URL: http://localhost/cocoonut/?elementor_library=kit-par-defaut has been purged, triggered by action: save_post 
[2025-03-29 09:38:55 : INFO] - Cache for URL: http://localhost/cocoonut/?elementor_library=kit-par-defaut has been purged, triggered by action: save_post 
[2025-03-29 09:38:55 : INFO] - Cache for URL: http://localhost/cocoonut/?elementor_library=kit-par-defaut has been purged, triggered by action: save_post 
[2025-03-29 09:48:38 : INFO] - Cache for URL: http://localhost/cocoonut/ has been purged, triggered by action: save_post 
[2025-03-29 09:48:38 : INFO] - Cache for URL: http://localhost/cocoonut/ has been purged, triggered by action: save_post 
[2025-03-29 09:48:39 : INFO] - Cache for URL: http://localhost/cocoonut/ has been purged, triggered by action: save_post 
[2025-03-29 09:56:12 : INFO] - Cache for URL: http://localhost/cocoonut/ has been purged, triggered by action: save_post 
[2025-03-29 09:56:12 : INFO] - Cache for URL: http://localhost/cocoonut/ has been purged, triggered by action: save_post 
[2025-03-29 09:56:13 : INFO] - Cache for URL: http://localhost/cocoonut/ has been purged, triggered by action: save_post 
[2025-03-29 10:05:05 : INFO] - Cache for URL: http://localhost/cocoonut/ has been purged, triggered by: WPO_Page_Cache::handle_purge_single_page_cache 
[2025-03-29 10:12:02 : INFO] - Cache for URL: http://localhost/cocoonut/ has been purged, triggered by: WPO_Page_Cache::handle_purge_single_page_cache 
[2025-03-29 10:12:44 : INFO] - Full Cache Purge triggered by: WP_Optimize_Minify_Cache_Functions::purge_others 
[2025-03-29 10:13:36 : INFO] - Cache for URL: http://localhost/cocoonut/ has been purged, triggered by: WPO_Page_Cache::handle_purge_single_page_cache 
[2025-03-29 10:14:03 : INFO] - Cache for URL: http://localhost/cocoonut/ has been purged, triggered by: WPO_Page_Cache::handle_purge_single_page_cache 
[2025-03-29 10:15:04 : INFO] - Cache for URL: http://localhost/cocoonut/ has been purged, triggered by: WPO_Page_Cache::handle_purge_single_page_cache 
[2025-03-29 10:15:38 : INFO] - Full Cache Purge triggered by: plugin activation/deactivation 
[2025-03-29 10:15:38 : INFO] - Full Cache Purge triggered by: WPO_Page_Cache::disable 
[2025-03-29 10:15:39 : INFO] - Full Cache Purge triggered by: WP_Optimize_Minify_Cache_Functions::purge_others 
